<?xml version="1.0" encoding="UTF-8"?>
<testsuite name="br.com.petapp.ExampleUnitTest" tests="1" skipped="0" failures="0" errors="0" timestamp="2020-10-03T00:29:41" hostname="rafa-note" time="0.001">
  <properties/>
  <testcase name="addition_isCorrect" classname="br.com.petapp.ExampleUnitTest" time="0.001"/>
  <system-out><![CDATA[]]></system-out>
  <system-err><![CDATA[]]></system-err>
</testsuite>
